warning: fields `texture` and `colour` are never read
  --> src/dragon.rs:24:2
   |
23 | pub struct Body {
   |            ---- fields in this struct
24 |     texture: BodyTexture,
   |     ^^^^^^^
25 |     colour: BodyColour,
   |     ^^^^^^
   |
   = note: `Body` has derived impls for the traits `Clone` and `Debug`, but these are intentionally ignored during dead code analysis
   = note: `#[warn(dead_code)]` (part of `#[warn(unused)]`) on by default

warning: field `length` is never read
  --> src/dragon.rs:62:2
   |
61 | pub struct Tail {
   |            ---- field in this struct
62 |     length: TailLength,
   |     ^^^^^^
   |
   = note: `Tail` has derived impls for the traits `Clone` and `Debug`, but these are intentionally ignored during dead code analysis

warning: field `count` is never read
  --> src/dragon.rs:71:2
   |
70 | pub struct Legs {
   |            ---- field in this struct
71 |     count: u8,
   |     ^^^^^
   |
   = note: `Legs` has derived impls for the traits `Clone` and `Debug`, but these are intentionally ignored during dead code analysis

warning: `dragons` (lib) generated 3 warnings
    Finished `dev` profile [unoptimized + debuginfo] target(s) in 0.08s
